[2024-03-19 08:50:15.846] [INFO ] [main] com.springboot.api.ApiApplication Starting ApiApplication using Java 17.0.9 on DESKTOP-N99JP2B with PID 12020 (D:\ChoeJiSang\My_study_project\springboot-main\chapter5_api\target\classes started by ITPS in d:\ChoeJiSang\My_study_project\springboot-main)
[2024-03-19 08:50:15.847] [INFO ] [main] com.springboot.api.ApiApplication No active profile set, falling back to default profiles: default
[2024-03-19 08:50:16.676] [INFO ] [main] org.springframework.boot.web.embedded.tomcat.TomcatWebServer Tomcat initialized with port(s): 8080 (http)
[2024-03-19 08:50:16.689] [INFO ] [main] org.apache.coyote.http11.Http11NioProtocol Initializing ProtocolHandler ["http-nio-8080"]
[2024-03-19 08:50:16.690] [INFO ] [main] org.apache.catalina.core.StandardService Starting service [Tomcat]
[2024-03-19 08:50:16.697] [INFO ] [main] org.apache.catalina.core.StandardEngine Starting Servlet engine: [Apache Tomcat/9.0.54]
[2024-03-19 08:50:16.762] [INFO ] [main] org.apache.catalina.core.ContainerBase.[Tomcat].[localhost].[/] Initializing Spring embedded WebApplicationContext
[2024-03-19 08:50:16.762] [INFO ] [main] org.springframework.boot.web.servlet.context.ServletWebServerApplicationContext Root WebApplicationContext: initialization completed in 886 ms
[2024-03-19 08:50:17.148] [INFO ] [main] springfox.documentation.spring.web.PropertySourcedRequestMappingHandlerMapping Mapped URL path [/v2/api-docs] onto method [springfox.documentation.swagger2.web.Swagger2Controller#getDocumentation(String, HttpServletRequest)]
[2024-03-19 08:50:17.361] [INFO ] [main] org.apache.coyote.http11.Http11NioProtocol Starting ProtocolHandler ["http-nio-8080"]
[2024-03-19 08:50:17.406] [INFO ] [main] org.springframework.boot.web.embedded.tomcat.TomcatWebServer Tomcat started on port(s): 8080 (http) with context path ''
[2024-03-19 08:50:17.407] [INFO ] [main] springfox.documentation.spring.web.plugins.DocumentationPluginsBootstrapper Context refreshed
[2024-03-19 08:50:17.420] [INFO ] [main] springfox.documentation.spring.web.plugins.DocumentationPluginsBootstrapper Found 1 custom documentation plugin(s)
[2024-03-19 08:50:17.436] [INFO ] [main] springfox.documentation.spring.web.scanners.ApiListingReferenceScanner Scanning for api listing references
[2024-03-19 08:50:17.549] [INFO ] [main] com.springboot.api.ApiApplication Started ApiApplication in 1.979 seconds (JVM running for 2.205)
[2024-03-19 08:50:36.714] [INFO ] [http-nio-8080-exec-1] org.apache.catalina.core.ContainerBase.[Tomcat].[localhost].[/] Initializing Spring DispatcherServlet 'dispatcherServlet'
[2024-03-19 08:50:36.714] [INFO ] [http-nio-8080-exec-1] org.springframework.web.servlet.DispatcherServlet Initializing Servlet 'dispatcherServlet'
[2024-03-19 08:50:36.716] [INFO ] [http-nio-8080-exec-1] org.springframework.web.servlet.DispatcherServlet Completed initialization in 2 ms
[2024-03-19 08:50:36.737] [INFO ] [http-nio-8080-exec-1] com.springboot.api.controller.GetController @PathVariable을 통해 들어온 값 : {String 값}
[2024-03-19 08:51:06.756] [INFO ] [http-nio-8080-exec-4] com.springboot.api.controller.GetController getName 메소드가 호출되었습니다.
[2024-03-19 08:51:58.830] [INFO ] [http-nio-8080-exec-7] com.springboot.api.controller.GetController getName 메소드가 호출되었습니다.
[2024-03-19 08:52:03.227] [INFO ] [http-nio-8080-exec-8] com.springboot.api.controller.GetController getName 메소드가 호출되었습니다.
[2024-03-19 08:52:26.902] [INFO ] [http-nio-8080-exec-9] com.springboot.api.controller.GetController getName 메소드가 호출되었습니다.
[2024-03-19 08:53:22.818] [INFO ] [http-nio-8080-exec-1] com.springboot.api.controller.GetController @PathVariable을 통해 들어온 값 : {String 값}
